<?xml version="1.0" encoding="UTF-8"?>
<testng-results ignored="0" total="2" passed="2" failed="0" skipped="0">
  <reporter-output>
  </reporter-output>
  <suite started-at="2023-12-27T18:27:11 IST" name="Suite" finished-at="2023-12-27T18:27:36 IST" duration-ms="25070">
    <groups>
    </groups>
    <test started-at="2023-12-27T18:27:11 IST" name="Test1" finished-at="2023-12-27T18:27:24 IST" duration-ms="12637">
      <class name="Assign_MDIT2.Parallel_1">
        <test-method is-config="true" signature="test1(java.lang.String)[pri:0, instance:Assign_MDIT2.Parallel_1@3b6ddd1d]" started-at="2023-12-27T18:27:11 IST" name="test1" finished-at="2023-12-27T18:27:15 IST" duration-ms="3812" status="PASS">
          <params>
            <param index="0">
              <value>
                <![CDATA[edge]]>
              </value>
            </param>
          </params>
          <reporter-output>
          </reporter-output>
        </test-method> <!-- test1 -->
        <test-method signature="test2()[pri:0, instance:Assign_MDIT2.Parallel_1@3b6ddd1d]" started-at="2023-12-27T18:27:15 IST" name="test2" finished-at="2023-12-27T18:27:24 IST" duration-ms="8755" status="PASS">
          <reporter-output>
          </reporter-output>
        </test-method> <!-- test2 -->
      </class> <!-- Assign_MDIT2.Parallel_1 -->
    </test> <!-- Test1 -->
    <test started-at="2023-12-27T18:27:11 IST" name="Test2" finished-at="2023-12-27T18:27:36 IST" duration-ms="25070">
      <class name="Assign_MDIT2.Parallel_2">
        <test-method is-config="true" signature="test1(java.lang.String)[pri:0, instance:Assign_MDIT2.Parallel_2@21282ed8]" started-at="2023-12-27T18:27:11 IST" name="test1" finished-at="2023-12-27T18:27:15 IST" duration-ms="4074" status="PASS">
          <params>
            <param index="0">
              <value>
                <![CDATA[firefox]]>
              </value>
            </param>
          </params>
          <reporter-output>
          </reporter-output>
        </test-method> <!-- test1 -->
        <test-method signature="test2()[pri:0, instance:Assign_MDIT2.Parallel_2@21282ed8]" started-at="2023-12-27T18:27:15 IST" name="test2" finished-at="2023-12-27T18:27:36 IST" duration-ms="20989" status="PASS">
          <reporter-output>
          </reporter-output>
        </test-method> <!-- test2 -->
      </class> <!-- Assign_MDIT2.Parallel_2 -->
    </test> <!-- Test2 -->
  </suite> <!-- Suite -->
</testng-results>
